c:\users\nsura\onedrive\desktop\projects\c++ projects\platformer-game\bin-interm\game\debug-win32\objectlayer.obj
c:\users\nsura\onedrive\desktop\projects\c++ projects\platformer-game\bin-interm\game\debug-win32\menustate.obj
c:\users\nsura\onedrive\desktop\projects\c++ projects\platformer-game\bin-interm\game\debug-win32\camera.obj
c:\users\nsura\onedrive\desktop\projects\c++ projects\platformer-game\bin-interm\game\debug-win32\gamestate.obj
c:\users\nsura\onedrive\desktop\projects\c++ projects\platformer-game\bin-interm\game\debug-win32\gameoverstate.obj
c:\users\nsura\onedrive\desktop\projects\c++ projects\platformer-game\bin-interm\game\debug-win32\animation.obj
c:\users\nsura\onedrive\desktop\projects\c++ projects\platformer-game\bin-interm\game\debug-win32\uilayer.obj
c:\users\nsura\onedrive\desktop\projects\c++ projects\platformer-game\bin-interm\game\debug-win32\main.obj
c:\users\nsura\onedrive\desktop\projects\c++ projects\platformer-game\bin-interm\game\debug-win32\maplayer.obj
c:\users\nsura\onedrive\desktop\projects\c++ projects\platformer-game\bin-interm\game\debug-win32\player.obj
c:\users\nsura\onedrive\desktop\projects\c++ projects\platformer-game\bin-interm\game\debug-win32\spike.obj
c:\users\nsura\onedrive\desktop\projects\c++ projects\platformer-game\bin-interm\game\debug-win32\saw.obj
c:\users\nsura\onedrive\desktop\projects\c++ projects\platformer-game\bin-interm\game\debug-win32\coin.obj
c:\users\nsura\onedrive\desktop\projects\c++ projects\platformer-game\bin-interm\game\debug-win32\sfxpool.obj
c:\users\nsura\onedrive\desktop\projects\c++ projects\platformer-game\bin-interm\game\debug-win32\entitylayer.obj
c:\users\nsura\onedrive\desktop\projects\c++ projects\platformer-game\bin-interm\game\debug-win32\levelwinstate.obj
c:\users\nsura\onedrive\desktop\projects\c++ projects\platformer-game\bin-interm\game\debug-win32\vc143.pdb
c:\users\nsura\onedrive\desktop\projects\c++ projects\platformer-game\bin-interm\game\debug-win32\trophy.obj
c:\users\nsura\onedrive\desktop\projects\c++ projects\platformer-game\bin\game\debug-win32\game.exe
c:\users\nsura\onedrive\desktop\projects\c++ projects\platformer-game\bin\game\debug-win32\game.pdb
c:\users\nsura\onedrive\desktop\projects\c++ projects\platformer-game\bin-interm\game\debug-win32\game.ilk
c:\users\nsura\onedrive\desktop\projects\c++ projects\platformer-game\bin-interm\game\debug-win32\vc143.idb
c:\users\nsura\onedrive\desktop\projects\c++ projects\platformer-game\bin-interm\game\debug-win32\game.vcxproj.filelistabsolute.txt
c:\users\nsura\onedrive\desktop\projects\c++ projects\platformer-game\bin-interm\game\debug-win32\game.tlog\cl.command.1.tlog
c:\users\nsura\onedrive\desktop\projects\c++ projects\platformer-game\bin-interm\game\debug-win32\game.tlog\cl.items.tlog
c:\users\nsura\onedrive\desktop\projects\c++ projects\platformer-game\bin-interm\game\debug-win32\game.tlog\cl.read.1.tlog
c:\users\nsura\onedrive\desktop\projects\c++ projects\platformer-game\bin-interm\game\debug-win32\game.tlog\cl.write.1.tlog
c:\users\nsura\onedrive\desktop\projects\c++ projects\platformer-game\bin-interm\game\debug-win32\game.tlog\link.command.1.tlog
c:\users\nsura\onedrive\desktop\projects\c++ projects\platformer-game\bin-interm\game\debug-win32\game.tlog\link.read.1.tlog
c:\users\nsura\onedrive\desktop\projects\c++ projects\platformer-game\bin-interm\game\debug-win32\game.tlog\link.secondary.1.tlog
c:\users\nsura\onedrive\desktop\projects\c++ projects\platformer-game\bin-interm\game\debug-win32\game.tlog\link.write.1.tlog
