c:\users\nsura\onedrive\desktop\projects\c++ projects\platformer-game\bin-interm\sdl2-framework\debug-win32\mathhelper.obj
c:\users\nsura\onedrive\desktop\projects\c++ projects\platformer-game\bin-interm\sdl2-framework\debug-win32\vec2.obj
c:\users\nsura\onedrive\desktop\projects\c++ projects\platformer-game\bin-interm\sdl2-framework\debug-win32\collisionhandler.obj
c:\users\nsura\onedrive\desktop\projects\c++ projects\platformer-game\bin-interm\sdl2-framework\debug-win32\application.obj
c:\users\nsura\onedrive\desktop\projects\c++ projects\platformer-game\bin-interm\sdl2-framework\debug-win32\window.obj
c:\users\nsura\onedrive\desktop\projects\c++ projects\platformer-game\bin-interm\sdl2-framework\debug-win32\uimanager.obj
c:\users\nsura\onedrive\desktop\projects\c++ projects\platformer-game\bin-interm\sdl2-framework\debug-win32\assetloader.obj
c:\users\nsura\onedrive\desktop\projects\c++ projects\platformer-game\bin-interm\sdl2-framework\debug-win32\gameobject.obj
c:\users\nsura\onedrive\desktop\projects\c++ projects\platformer-game\bin-interm\sdl2-framework\debug-win32\scene.obj
c:\users\nsura\onedrive\desktop\projects\c++ projects\platformer-game\bin-interm\sdl2-framework\debug-win32\music.obj
c:\users\nsura\onedrive\desktop\projects\c++ projects\platformer-game\bin-interm\sdl2-framework\debug-win32\text.obj
c:\users\nsura\onedrive\desktop\projects\c++ projects\platformer-game\bin-interm\sdl2-framework\debug-win32\soundmanager.obj
c:\users\nsura\onedrive\desktop\projects\c++ projects\platformer-game\bin-interm\sdl2-framework\debug-win32\tilemap.obj
c:\users\nsura\onedrive\desktop\projects\c++ projects\platformer-game\bin-interm\sdl2-framework\debug-win32\mousemanager.obj
c:\users\nsura\onedrive\desktop\projects\c++ projects\platformer-game\bin-interm\sdl2-framework\debug-win32\button.obj
c:\users\nsura\onedrive\desktop\projects\c++ projects\platformer-game\bin-interm\sdl2-framework\debug-win32\soundeffect.obj
c:\users\nsura\onedrive\desktop\projects\c++ projects\platformer-game\bin-interm\sdl2-framework\debug-win32\texture.obj
c:\users\nsura\onedrive\desktop\projects\c++ projects\platformer-game\bin-interm\sdl2-framework\debug-win32\entity.obj
c:\users\nsura\onedrive\desktop\projects\c++ projects\platformer-game\bin-interm\sdl2-framework\debug-win32\statemanager.obj
c:\users\nsura\onedrive\desktop\projects\c++ projects\platformer-game\bin-interm\sdl2-framework\debug-win32\keymanager.obj
c:\users\nsura\onedrive\desktop\projects\c++ projects\platformer-game\bin-interm\sdl2-framework\debug-win32\inputbox.obj
c:\users\nsura\onedrive\desktop\projects\c++ projects\platformer-game\bin-interm\sdl2-framework\debug-win32\layer.obj
c:\users\nsura\onedrive\desktop\projects\c++ projects\platformer-game\bin\sdl2-framework\debug-win32\sdl2-framework.pdb
c:\users\nsura\onedrive\desktop\projects\c++ projects\platformer-game\bin\sdl2-framework\debug-win32\sdl2-framework.lib
c:\users\nsura\onedrive\desktop\projects\c++ projects\platformer-game\bin-interm\sdl2-framework\debug-win32\sdl2-framework.vcxproj.filelistabsolute.txt
c:\users\nsura\onedrive\desktop\projects\c++ projects\platformer-game\bin-interm\sdl2-framework\debug-win32\sdl2-framework.tlog\cl.command.1.tlog
c:\users\nsura\onedrive\desktop\projects\c++ projects\platformer-game\bin-interm\sdl2-framework\debug-win32\sdl2-framework.tlog\cl.items.tlog
c:\users\nsura\onedrive\desktop\projects\c++ projects\platformer-game\bin-interm\sdl2-framework\debug-win32\sdl2-framework.tlog\cl.read.1.tlog
c:\users\nsura\onedrive\desktop\projects\c++ projects\platformer-game\bin-interm\sdl2-framework\debug-win32\sdl2-framework.tlog\cl.write.1.tlog
c:\users\nsura\onedrive\desktop\projects\c++ projects\platformer-game\bin-interm\sdl2-framework\debug-win32\sdl2-framework.tlog\lib-link.write.1.tlog
c:\users\nsura\onedrive\desktop\projects\c++ projects\platformer-game\bin-interm\sdl2-framework\debug-win32\sdl2-framework.tlog\lib.command.1.tlog
c:\users\nsura\onedrive\desktop\projects\c++ projects\platformer-game\bin-interm\sdl2-framework\debug-win32\sdl2-framework.tlog\lib.read.1.tlog
